<?xml version="1.0" encoding="UTF-8"?>
<!-- Generated by org.testng.reporters.JUnitReportReporter -->
<testsuite hostname="LAPTOP-TT023QHN" failures="0" tests="5" name="ChromeDesktop.Desktop3" time="54.712" errors="0" timestamp="2024-08-11T17:52:17 IST" skipped="0">
  <testcase classname="ChromeDesktop.Desktop3" name="site1" time="14.124"/>
  <testcase classname="ChromeDesktop.Desktop3" name="site4" time="10.166"/>
  <testcase classname="ChromeDesktop.Desktop3" name="site2" time="10.102"/>
  <testcase classname="ChromeDesktop.Desktop3" name="site3" time="10.831"/>
  <testcase classname="ChromeDesktop.Desktop3" name="site5" time="9.489"/>
</testsuite> <!-- ChromeDesktop.Desktop3 -->
