<?xml version="1.0" encoding="UTF-8"?>
<!-- Generated by org.testng.reporters.JUnitReportReporter -->
<testsuite hostname="LAPTOP-TT023QHN" failures="0" tests="5" name="ChromeDesktop.Desktop1" time="65.089" errors="0" timestamp="2024-08-11T17:52:17 IST" skipped="0">
  <testcase classname="ChromeDesktop.Desktop1" name="site1" time="21.591"/>
  <testcase classname="ChromeDesktop.Desktop1" name="site5" time="9.503"/>
  <testcase classname="ChromeDesktop.Desktop1" name="site4" time="10.764"/>
  <testcase classname="ChromeDesktop.Desktop1" name="site3" time="10.959"/>
  <testcase classname="ChromeDesktop.Desktop1" name="site2" time="12.272"/>
</testsuite> <!-- ChromeDesktop.Desktop1 -->
