<?xml version="1.0" encoding="UTF-8"?>
<!-- Generated by org.testng.reporters.JUnitReportReporter -->
<testsuite hostname="LAPTOP-TT023QHN" failures="0" tests="5" name="FireFoxDesktop.Desktop2" time="68.702" errors="0" timestamp="2024-08-11T17:52:17 IST" skipped="0">
  <testcase classname="FireFoxDesktop.Desktop2" name="site2" time="13.062"/>
  <testcase classname="FireFoxDesktop.Desktop2" name="site3" time="12.494"/>
  <testcase classname="FireFoxDesktop.Desktop2" name="site5" time="12.220"/>
  <testcase classname="FireFoxDesktop.Desktop2" name="site1" time="19.427"/>
  <testcase classname="FireFoxDesktop.Desktop2" name="site4" time="11.499"/>
</testsuite> <!-- FireFoxDesktop.Desktop2 -->
