<?xml version="1.0" encoding="UTF-8"?>
<!-- Generated by org.testng.reporters.JUnitReportReporter -->
<testsuite hostname="LAPTOP-TT023QHN" failures="0" tests="5" name="ChromeMobile.Mobile3" time="37.782" errors="0" timestamp="2024-08-11T17:52:17 IST" skipped="0">
  <testcase classname="ChromeMobile.Mobile3" name="site3" time="7.705"/>
  <testcase classname="ChromeMobile.Mobile3" name="site5" time="7.235"/>
  <testcase classname="ChromeMobile.Mobile3" name="site1" time="8.424"/>
  <testcase classname="ChromeMobile.Mobile3" name="site4" time="7.747"/>
  <testcase classname="ChromeMobile.Mobile3" name="site2" time="6.671"/>
</testsuite> <!-- ChromeMobile.Mobile3 -->
