<?xml version="1.0" encoding="UTF-8"?>
<!-- Generated by org.testng.reporters.JUnitReportReporter -->
<testsuite hostname="LAPTOP-TT023QHN" failures="0" tests="5" name="ChromeMobile.Mobile2" time="42.444" errors="0" timestamp="2024-08-11T17:52:17 IST" skipped="0">
  <testcase classname="ChromeMobile.Mobile2" name="site1" time="10.641"/>
  <testcase classname="ChromeMobile.Mobile2" name="site4" time="7.670"/>
  <testcase classname="ChromeMobile.Mobile2" name="site2" time="6.540"/>
  <testcase classname="ChromeMobile.Mobile2" name="site5" time="7.182"/>
  <testcase classname="ChromeMobile.Mobile2" name="site3" time="10.411"/>
</testsuite> <!-- ChromeMobile.Mobile2 -->
