<?xml version="1.0" encoding="UTF-8"?>
<!-- Generated by org.testng.reporters.JUnitReportReporter -->
<testsuite hostname="LAPTOP-TT023QHN" failures="0" tests="5" name="FireFoxMobile.Mobile2" time="54.185" errors="0" timestamp="2024-08-11T17:52:17 IST" skipped="0">
  <testcase classname="FireFoxMobile.Mobile2" name="site5" time="10.063"/>
  <testcase classname="FireFoxMobile.Mobile2" name="site3" time="10.106"/>
  <testcase classname="FireFoxMobile.Mobile2" name="site2" time="9.627"/>
  <testcase classname="FireFoxMobile.Mobile2" name="site1" time="14.233"/>
  <testcase classname="FireFoxMobile.Mobile2" name="site4" time="10.156"/>
</testsuite> <!-- FireFoxMobile.Mobile2 -->
