<?xml version="1.0" encoding="UTF-8"?>
<!-- Generated by org.testng.reporters.JUnitReportReporter -->
<testsuite hostname="LAPTOP-TT023QHN" failures="0" tests="5" name="FireFoxDesktop.Desktop3" time="71.091" errors="0" timestamp="2024-08-11T17:52:17 IST" skipped="0">
  <testcase classname="FireFoxDesktop.Desktop3" name="site4" time="12.265"/>
  <testcase classname="FireFoxDesktop.Desktop3" name="site1" time="19.409"/>
  <testcase classname="FireFoxDesktop.Desktop3" name="site5" time="12.378"/>
  <testcase classname="FireFoxDesktop.Desktop3" name="site3" time="13.202"/>
  <testcase classname="FireFoxDesktop.Desktop3" name="site2" time="13.837"/>
</testsuite> <!-- FireFoxDesktop.Desktop3 -->
