<?xml version="1.0" encoding="UTF-8"?>
<!-- Generated by org.testng.reporters.JUnitReportReporter -->
<testsuite hostname="LAPTOP-TT023QHN" failures="0" tests="5" name="FireFoxDesktop.Desktop1" time="77.038" errors="0" timestamp="2024-08-11T17:52:17 IST" skipped="0">
  <testcase classname="FireFoxDesktop.Desktop1" name="site4" time="12.532"/>
  <testcase classname="FireFoxDesktop.Desktop1" name="site1" time="22.845"/>
  <testcase classname="FireFoxDesktop.Desktop1" name="site3" time="13.857"/>
  <testcase classname="FireFoxDesktop.Desktop1" name="site5" time="13.073"/>
  <testcase classname="FireFoxDesktop.Desktop1" name="site2" time="14.731"/>
</testsuite> <!-- FireFoxDesktop.Desktop1 -->
