<?xml version="1.0" encoding="UTF-8"?>
<!-- Generated by org.testng.reporters.JUnitReportReporter -->
<testsuite hostname="LAPTOP-TT023QHN" failures="0" tests="5" name="FireFoxMobile.Mobile1" time="51.930" errors="0" timestamp="2024-08-11T17:52:17 IST" skipped="0">
  <testcase classname="FireFoxMobile.Mobile1" name="site2" time="9.485"/>
  <testcase classname="FireFoxMobile.Mobile1" name="site3" time="10.355"/>
  <testcase classname="FireFoxMobile.Mobile1" name="site1" time="12.999"/>
  <testcase classname="FireFoxMobile.Mobile1" name="site5" time="9.658"/>
  <testcase classname="FireFoxMobile.Mobile1" name="site4" time="9.433"/>
</testsuite> <!-- FireFoxMobile.Mobile1 -->
