<?xml version="1.0" encoding="UTF-8"?>
<!-- Generated by org.testng.reporters.JUnitReportReporter -->
<testsuite hostname="LAPTOP-TT023QHN" failures="0" tests="5" name="ChromeMobile.Mobile1" time="37.865" errors="0" timestamp="2024-08-11T17:52:17 IST" skipped="0">
  <testcase classname="ChromeMobile.Mobile1" name="site1" time="8.862"/>
  <testcase classname="ChromeMobile.Mobile1" name="site5" time="7.859"/>
  <testcase classname="ChromeMobile.Mobile1" name="site2" time="6.645"/>
  <testcase classname="ChromeMobile.Mobile1" name="site3" time="7.071"/>
  <testcase classname="ChromeMobile.Mobile1" name="site4" time="7.428"/>
</testsuite> <!-- ChromeMobile.Mobile1 -->
