<?xml version="1.0" encoding="UTF-8"?>
<!-- Generated by org.testng.reporters.JUnitReportReporter -->
<testsuite hostname="LAPTOP-TT023QHN" failures="0" tests="5" name="FireFoxMobile.Mobile3" time="52.861" errors="0" timestamp="2024-08-11T17:52:17 IST" skipped="0">
  <testcase classname="FireFoxMobile.Mobile3" name="site5" time="10.307"/>
  <testcase classname="FireFoxMobile.Mobile3" name="site1" time="13.391"/>
  <testcase classname="FireFoxMobile.Mobile3" name="site2" time="9.664"/>
  <testcase classname="FireFoxMobile.Mobile3" name="site3" time="10.017"/>
  <testcase classname="FireFoxMobile.Mobile3" name="site4" time="9.482"/>
</testsuite> <!-- FireFoxMobile.Mobile3 -->
