<?xml version="1.0" encoding="UTF-8"?>
<!-- Generated by org.testng.reporters.JUnitReportReporter -->
<testsuite hostname="LAPTOP-TT023QHN" failures="0" tests="5" name="ChromeDesktop.Desktop2" time="53.731" errors="0" timestamp="2024-08-11T17:52:17 IST" skipped="0">
  <testcase classname="ChromeDesktop.Desktop2" name="site2" time="10.524"/>
  <testcase classname="ChromeDesktop.Desktop2" name="site1" time="14.480"/>
  <testcase classname="ChromeDesktop.Desktop2" name="site3" time="9.645"/>
  <testcase classname="ChromeDesktop.Desktop2" name="site4" time="9.988"/>
  <testcase classname="ChromeDesktop.Desktop2" name="site5" time="9.094"/>
</testsuite> <!-- ChromeDesktop.Desktop2 -->
